<?xml version="1.0" encoding="UTF-8"?>
<testng-results skipped="0" failed="0" ignored="0" total="1" passed="1">
  <reporter-output>
  </reporter-output>
  <suite name="Default suite" duration-ms="55600" started-at="2020-08-17T00:56:35 CDT" finished-at="2020-08-17T00:57:30 CDT">
    <groups>
    </groups>
    <test name="Default test" duration-ms="55600" started-at="2020-08-17T00:56:35 CDT" finished-at="2020-08-17T00:57:30 CDT">
      <class name="learnInterface.TC001_Login">
        <test-method status="PASS" signature="login()[pri:0, instance:learnInterface.TC001_Login@50b494a6]" name="login" duration-ms="55473" started-at="2020-08-17T00:56:35 CDT" finished-at="2020-08-17T00:57:30 CDT">
          <reporter-output>
          </reporter-output>
        </test-method> <!-- login -->
      </class> <!-- learnInterface.TC001_Login -->
    </test> <!-- Default test -->
  </suite> <!-- Default suite -->
</testng-results>
